Determining if the pthread_create exist failed with the following output:
Change Dir: /home/antonella/CLionProjects/TP-Fase1-Test/cmake-build-debug/CMakeFiles/CMakeTmp

Run Build Command:"/usr/bin/make" "cmTC_41cfb/fast"
/usr/bin/make -f CMakeFiles/cmTC_41cfb.dir/build.make CMakeFiles/cmTC_41cfb.dir/build
make[1]: Entering directory '/home/antonella/CLionProjects/TP-Fase1-Test/cmake-build-debug/CMakeFiles/CMakeTmp'
Building C object CMakeFiles/cmTC_41cfb.dir/CheckSymbolExists.c.o
/usr/bin/cc    -o CMakeFiles/cmTC_41cfb.dir/CheckSymbolExists.c.o   -c /home/antonella/CLionProjects/TP-Fase1-Test/cmake-build-debug/CMakeFiles/CMakeTmp/CheckSymbolExists.c
Linking C executable cmTC_41cfb
/opt/clion-2018.2.2/bin/cmake/linux/bin/cmake -E cmake_link_script CMakeFiles/cmTC_41cfb.dir/link.txt --verbose=1
/usr/bin/cc      CMakeFiles/cmTC_41cfb.dir/CheckSymbolExists.c.o  -o cmTC_41cfb 
CMakeFiles/cmTC_41cfb.dir/CheckSymbolExists.c.o: In function `main':
CheckSymbolExists.c:(.text+0x1b): undefined reference to `pthread_create'
collect2: error: ld returned 1 exit status
CMakeFiles/cmTC_41cfb.dir/build.make:86: recipe for target 'cmTC_41cfb' failed
make[1]: *** [cmTC_41cfb] Error 1
make[1]: Leaving directory '/home/antonella/CLionProjects/TP-Fase1-Test/cmake-build-debug/CMakeFiles/CMakeTmp'
Makefile:121: recipe for target 'cmTC_41cfb/fast' failed
make: *** [cmTC_41cfb/fast] Error 2

File /home/antonella/CLionProjects/TP-Fase1-Test/cmake-build-debug/CMakeFiles/CMakeTmp/CheckSymbolExists.c:
/* */
#include <pthread.h>

int main(int argc, char** argv)
{
  (void)argv;
#ifndef pthread_create
  return ((int*)(&pthread_create))[argc];
#else
  (void)argc;
  return 0;
#endif
}

Determining if the function pthread_create exists in the pthreads failed with the following output:
Change Dir: /home/antonella/CLionProjects/TP-Fase1-Test/cmake-build-debug/CMakeFiles/CMakeTmp

Run Build Command:"/usr/bin/make" "cmTC_5839e/fast"
/usr/bin/make -f CMakeFiles/cmTC_5839e.dir/build.make CMakeFiles/cmTC_5839e.dir/build
make[1]: Entering directory '/home/antonella/CLionProjects/TP-Fase1-Test/cmake-build-debug/CMakeFiles/CMakeTmp'
Building C object CMakeFiles/cmTC_5839e.dir/CheckFunctionExists.c.o
/usr/bin/cc   -DCHECK_FUNCTION_EXISTS=pthread_create   -o CMakeFiles/cmTC_5839e.dir/CheckFunctionExists.c.o   -c /opt/clion-2018.2.2/bin/cmake/linux/share/cmake-3.12/Modules/CheckFunctionExists.c
Linking C executable cmTC_5839e
/opt/clion-2018.2.2/bin/cmake/linux/bin/cmake -E cmake_link_script CMakeFiles/cmTC_5839e.dir/link.txt --verbose=1
/usr/bin/cc  -DCHECK_FUNCTION_EXISTS=pthread_create    CMakeFiles/cmTC_5839e.dir/CheckFunctionExists.c.o  -o cmTC_5839e -lpthreads 
/usr/bin/x86_64-linux-gnu-ld: cannot find -lpthreads
collect2: error: ld returned 1 exit status
CMakeFiles/cmTC_5839e.dir/build.make:86: recipe for target 'cmTC_5839e' failed
make[1]: *** [cmTC_5839e] Error 1
make[1]: Leaving directory '/home/antonella/CLionProjects/TP-Fase1-Test/cmake-build-debug/CMakeFiles/CMakeTmp'
Makefile:121: recipe for target 'cmTC_5839e/fast' failed
make: *** [cmTC_5839e/fast] Error 2


Determining if the pthread_create exist failed with the following output:
Change Dir: /home/tito/Desktop/Tallar/github/TP-Fase1-Test/cmake-build-debug/CMakeFiles/CMakeTmp

Run Build Command:"/usr/bin/make" "cmTC_2cda4/fast"
/usr/bin/make -f CMakeFiles/cmTC_2cda4.dir/build.make CMakeFiles/cmTC_2cda4.dir/build
make[1]: Entering directory '/home/tito/Desktop/Tallar/github/TP-Fase1-Test/cmake-build-debug/CMakeFiles/CMakeTmp'
Building C object CMakeFiles/cmTC_2cda4.dir/CheckSymbolExists.c.o
/usr/bin/cc    -o CMakeFiles/cmTC_2cda4.dir/CheckSymbolExists.c.o   -c /home/tito/Desktop/Tallar/github/TP-Fase1-Test/cmake-build-debug/CMakeFiles/CMakeTmp/CheckSymbolExists.c
Linking C executable cmTC_2cda4
/home/tito/.local/share/JetBrains/Toolbox/apps/CLion/ch-0/182.4129.51/bin/cmake/linux/bin/cmake -E cmake_link_script CMakeFiles/cmTC_2cda4.dir/link.txt --verbose=1
/usr/bin/cc      CMakeFiles/cmTC_2cda4.dir/CheckSymbolExists.c.o  -o cmTC_2cda4 
CMakeFiles/cmTC_2cda4.dir/CheckSymbolExists.c.o: In function `main':
CheckSymbolExists.c:(.text+0x16): undefined reference to `pthread_create'
collect2: error: ld returned 1 exit status
CMakeFiles/cmTC_2cda4.dir/build.make:86: recipe for target 'cmTC_2cda4' failed
make[1]: *** [cmTC_2cda4] Error 1
make[1]: Leaving directory '/home/tito/Desktop/Tallar/github/TP-Fase1-Test/cmake-build-debug/CMakeFiles/CMakeTmp'
Makefile:121: recipe for target 'cmTC_2cda4/fast' failed
make: *** [cmTC_2cda4/fast] Error 2

File /home/tito/Desktop/Tallar/github/TP-Fase1-Test/cmake-build-debug/CMakeFiles/CMakeTmp/CheckSymbolExists.c:
/* */
#include <pthread.h>

int main(int argc, char** argv)
{
  (void)argv;
#ifndef pthread_create
  return ((int*)(&pthread_create))[argc];
#else
  (void)argc;
  return 0;
#endif
}

Determining if the function pthread_create exists in the pthreads failed with the following output:
Change Dir: /home/tito/Desktop/Tallar/github/TP-Fase1-Test/cmake-build-debug/CMakeFiles/CMakeTmp

Run Build Command:"/usr/bin/make" "cmTC_d8b44/fast"
/usr/bin/make -f CMakeFiles/cmTC_d8b44.dir/build.make CMakeFiles/cmTC_d8b44.dir/build
make[1]: Entering directory '/home/tito/Desktop/Tallar/github/TP-Fase1-Test/cmake-build-debug/CMakeFiles/CMakeTmp'
Building C object CMakeFiles/cmTC_d8b44.dir/CheckFunctionExists.c.o
/usr/bin/cc   -DCHECK_FUNCTION_EXISTS=pthread_create   -o CMakeFiles/cmTC_d8b44.dir/CheckFunctionExists.c.o   -c /home/tito/.local/share/JetBrains/Toolbox/apps/CLion/ch-0/182.4129.51/bin/cmake/linux/share/cmake-3.12/Modules/CheckFunctionExists.c
Linking C executable cmTC_d8b44
/home/tito/.local/share/JetBrains/Toolbox/apps/CLion/ch-0/182.4129.51/bin/cmake/linux/bin/cmake -E cmake_link_script CMakeFiles/cmTC_d8b44.dir/link.txt --verbose=1
/usr/bin/cc  -DCHECK_FUNCTION_EXISTS=pthread_create    CMakeFiles/cmTC_d8b44.dir/CheckFunctionExists.c.o  -o cmTC_d8b44 -lpthreads 
/usr/bin/ld: cannot find -lpthreads
collect2: error: ld returned 1 exit status
CMakeFiles/cmTC_d8b44.dir/build.make:86: recipe for target 'cmTC_d8b44' failed
make[1]: *** [cmTC_d8b44] Error 1
make[1]: Leaving directory '/home/tito/Desktop/Tallar/github/TP-Fase1-Test/cmake-build-debug/CMakeFiles/CMakeTmp'
Makefile:121: recipe for target 'cmTC_d8b44/fast' failed
make: *** [cmTC_d8b44/fast] Error 2


